<?xml version="1.0" encoding="UTF-8"?>
<testng-results skipped="0" failed="0" total="1" passed="1">
  <reporter-output>
    <line>
      <![CDATA[success]]>
    </line>
    <line>
      <![CDATA[passed]]>
    </line>
  </reporter-output>
  <suite name="Default suite" duration-ms="68342" started-at="2019-03-10T19:42:26Z" finished-at="2019-03-10T19:43:34Z">
    <groups>
    </groups>
    <test name="Default test" duration-ms="68342" started-at="2019-03-10T19:42:26Z" finished-at="2019-03-10T19:43:34Z">
      <class name="test.LoginTest">
        <test-method status="PASS" signature="setup()[pri:0, instance:test.LoginTest@139a379]" name="setup" is-config="true" duration-ms="54892" started-at="2019-03-11T01:12:26Z" finished-at="2019-03-11T01:13:21Z">
          <reporter-output>
          </reporter-output>
        </test-method> <!-- setup -->
        <test-method status="PASS" signature="tc_001()[pri:0, instance:test.LoginTest@139a379]" name="tc_001" duration-ms="11239" started-at="2019-03-11T01:13:21Z" finished-at="2019-03-11T01:13:32Z">
          <reporter-output>
            <line>
              <![CDATA[success]]>
            </line>
          </reporter-output>
        </test-method> <!-- tc_001 -->
        <test-method status="PASS" signature="teardown(org.testng.ITestResult)[pri:0, instance:test.LoginTest@139a379]" name="teardown" is-config="true" duration-ms="2155" started-at="2019-03-11T01:13:32Z" finished-at="2019-03-11T01:13:34Z">
          <params>
            <param index="0">
              <value>
                <![CDATA[[TestResult name=tc_001 status=SUCCESS method=LoginTest.tc_001()[pri:0, instance:test.LoginTest@139a379] output=success]]]>
              </value>
            </param>
          </params>
          <reporter-output>
            <line>
              <![CDATA[passed]]>
            </line>
          </reporter-output>
        </test-method> <!-- teardown -->
      </class> <!-- test.LoginTest -->
    </test> <!-- Default test -->
  </suite> <!-- Default suite -->
</testng-results>
